<?xml version="1.0" encoding="UTF-8"?>
<testng-results ignored="0" total="1" passed="1" failed="0" skipped="0">
  <reporter-output>
  </reporter-output>
  <suite started-at="2021-06-29T17:18:36 MSK" name="Default suite" finished-at="2021-06-29T17:19:13 MSK" duration-ms="37115">
    <groups>
    </groups>
    <test started-at="2021-06-29T17:18:36 MSK" name="Default test" finished-at="2021-06-29T17:19:13 MSK" duration-ms="37115">
      <class name="SK.SlimfitTea">
        <test-method is-config="true" signature="beforeMethod()[pri:0, instance:SK.SlimfitTea@7161d8d1]" started-at="2021-06-29T17:18:36 MSK" name="beforeMethod" finished-at="2021-06-29T17:18:38 MSK" duration-ms="1610" status="PASS">
          <reporter-output>
          </reporter-output>
        </test-method> <!-- beforeMethod -->
        <test-method signature="SK_SlimfitTea()[pri:0, instance:SK.SlimfitTea@7161d8d1]" started-at="2021-06-29T17:18:38 MSK" name="SK_SlimfitTea" finished-at="2021-06-29T17:19:12 MSK" duration-ms="34820" status="PASS">
          <reporter-output>
          </reporter-output>
        </test-method> <!-- SK_SlimfitTea -->
        <test-method is-config="true" signature="afterMethod()[pri:0, instance:SK.SlimfitTea@7161d8d1]" started-at="2021-06-29T17:19:12 MSK" name="afterMethod" finished-at="2021-06-29T17:19:13 MSK" duration-ms="656" status="PASS">
          <reporter-output>
          </reporter-output>
        </test-method> <!-- afterMethod -->
      </class> <!-- SK.SlimfitTea -->
    </test> <!-- Default test -->
  </suite> <!-- Default suite -->
</testng-results>
